\BOOKMARK [0][-]{chapter.1}{\376\377\000C\000h\000a\000p\000t\000e\000r\000\040\0001}{}% 1
\BOOKMARK [1][-]{section.1.1}{\376\377\000D\000a\000t\000a}{chapter.1}% 2
\BOOKMARK [1][-]{section.1.2}{\376\377\000P\000r\000e\000r\000e\000q\000u\000i\000s\000i\000t\000e\000s}{chapter.1}% 3
\BOOKMARK [1][-]{section.1.3}{\376\377\000O\000u\000t\000l\000i\000n\000e}{chapter.1}% 4
\BOOKMARK [1][-]{section.1.4}{\376\377\000Q\000u\000e\000r\000y\000\040\000L\000a\000n\000g\000u\000a\000g\000e}{chapter.1}% 5
\BOOKMARK [1][-]{section.1.5}{\376\377\000I\000n\000s\000t\000a\000l\000l\000i\000n\000g\000\040\000l\000i\000b\000r\000a\000r\000i\000e\000s}{chapter.1}% 6
\BOOKMARK [1][-]{section.1.6}{\376\377\000C\000o\000n\000n\000e\000c\000t\000i\000n\000g\000\040\000t\000o\000\040\000G\000a\000i\000a}{chapter.1}% 7
\BOOKMARK [1][-]{section.1.7}{\376\377\000D\000a\000t\000a\000b\000a\000s\000e\000s\000\040\000a\000n\000d\000\040\000T\000a\000b\000l\000e\000s}{chapter.1}% 8
\BOOKMARK [1][-]{section.1.8}{\376\377\000C\000o\000l\000u\000m\000n\000s}{chapter.1}% 9
\BOOKMARK [1][-]{section.1.9}{\376\377\000W\000r\000i\000t\000i\000n\000g\000\040\000q\000u\000e\000r\000i\000e\000s}{chapter.1}% 10
\BOOKMARK [1][-]{section.1.10}{\376\377\000A\000s\000y\000n\000c\000h\000r\000o\000n\000o\000u\000s\000\040\000q\000u\000e\000r\000i\000e\000s}{chapter.1}% 11
\BOOKMARK [1][-]{section.1.11}{\376\377\000O\000p\000e\000r\000a\000t\000o\000r\000s}{chapter.1}% 12
\BOOKMARK [1][-]{section.1.12}{\376\377\000C\000l\000e\000a\000n\000i\000n\000g\000\040\000u\000p}{chapter.1}% 13
\BOOKMARK [1][-]{section.1.13}{\376\377\000F\000o\000r\000m\000a\000t\000t\000i\000n\000g\000\040\000q\000u\000e\000r\000i\000e\000s}{chapter.1}% 14
\BOOKMARK [1][-]{section.1.14}{\376\377\000S\000u\000m\000m\000a\000r\000y}{chapter.1}% 15
\BOOKMARK [1][-]{section.1.15}{\376\377\000B\000e\000s\000t\000\040\000p\000r\000a\000c\000t\000i\000c\000e\000s}{chapter.1}% 16
\BOOKMARK [0][-]{chapter.2}{\376\377\000C\000h\000a\000p\000t\000e\000r\000\040\0002}{}% 17
\BOOKMARK [1][-]{section.2.1}{\376\377\000O\000u\000t\000l\000i\000n\000e}{chapter.2}% 18
\BOOKMARK [1][-]{section.2.2}{\376\377\000I\000n\000s\000t\000a\000l\000l\000i\000n\000g\000\040\000l\000i\000b\000r\000a\000r\000i\000e\000s}{chapter.2}% 19
\BOOKMARK [1][-]{section.2.3}{\376\377\000S\000e\000l\000e\000c\000t\000i\000n\000g\000\040\000a\000\040\000r\000e\000g\000i\000o\000n}{chapter.2}% 20
\BOOKMARK [1][-]{section.2.4}{\376\377\000G\000e\000t\000t\000i\000n\000g\000\040\000G\000D\000-\0001\000\040\000D\000a\000t\000a}{chapter.2}% 21
\BOOKMARK [1][-]{section.2.5}{\376\377\000W\000o\000r\000k\000i\000n\000g\000\040\000w\000i\000t\000h\000\040\000c\000o\000o\000r\000d\000i\000n\000a\000t\000e\000s}{chapter.2}% 22
\BOOKMARK [1][-]{section.2.6}{\376\377\000S\000e\000l\000e\000c\000t\000i\000n\000g\000\040\000a\000\040\000r\000e\000c\000t\000a\000n\000g\000l\000e}{chapter.2}% 23
\BOOKMARK [1][-]{section.2.7}{\376\377\000S\000e\000l\000e\000c\000t\000i\000n\000g\000\040\000a\000\040\000p\000o\000l\000y\000g\000o\000n}{chapter.2}% 24
\BOOKMARK [1][-]{section.2.8}{\376\377\000S\000a\000v\000i\000n\000g\000\040\000r\000e\000s\000u\000l\000t\000s}{chapter.2}% 25
\BOOKMARK [1][-]{section.2.9}{\376\377\000S\000u\000m\000m\000a\000r\000y}{chapter.2}% 26
\BOOKMARK [1][-]{section.2.10}{\376\377\000B\000e\000s\000t\000\040\000p\000r\000a\000c\000t\000i\000c\000e\000s}{chapter.2}% 27
\BOOKMARK [0][-]{chapter.3}{\376\377\000C\000h\000a\000p\000t\000e\000r\000\040\0003}{}% 28
\BOOKMARK [1][-]{section.3.1}{\376\377\000O\000u\000t\000l\000i\000n\000e}{chapter.3}% 29
\BOOKMARK [1][-]{section.3.2}{\376\377\000I\000n\000s\000t\000a\000l\000l\000i\000n\000g\000\040\000l\000i\000b\000r\000a\000r\000i\000e\000s}{chapter.3}% 30
\BOOKMARK [1][-]{section.3.3}{\376\377\000R\000e\000l\000o\000a\000d\000\040\000t\000h\000e\000\040\000d\000a\000t\000a}{chapter.3}% 31
\BOOKMARK [1][-]{section.3.4}{\376\377\000S\000e\000l\000e\000c\000t\000i\000n\000g\000\040\000r\000o\000w\000s\000\040\000a\000n\000d\000\040\000c\000o\000l\000u\000m\000n\000s}{chapter.3}% 32
\BOOKMARK [1][-]{section.3.5}{\376\377\000S\000c\000a\000t\000t\000e\000r\000\040\000p\000l\000o\000t}{chapter.3}% 33
\BOOKMARK [1][-]{section.3.6}{\376\377\000T\000r\000a\000n\000s\000f\000o\000r\000m\000\040\000b\000a\000c\000k}{chapter.3}% 34
\BOOKMARK [1][-]{section.3.7}{\376\377\000P\000a\000n\000d\000a\000s\000\040\000D\000a\000t\000a\000F\000r\000a\000m\000e}{chapter.3}% 35
\BOOKMARK [1][-]{section.3.8}{\376\377\000P\000l\000o\000t\000\040\000p\000r\000o\000p\000e\000r\000\040\000m\000o\000t\000i\000o\000n}{chapter.3}% 36
\BOOKMARK [1][-]{section.3.9}{\376\377\000S\000e\000l\000e\000c\000t\000i\000n\000g\000\040\000t\000h\000e\000\040\000c\000e\000n\000t\000e\000r\000l\000i\000n\000e}{chapter.3}% 37
\BOOKMARK [1][-]{section.3.10}{\376\377\000F\000i\000l\000t\000e\000r\000i\000n\000g\000\040\000b\000a\000s\000e\000d\000\040\000o\000n\000\040\000p\000r\000o\000p\000e\000r\000\040\000m\000o\000t\000i\000o\000n}{chapter.3}% 38
\BOOKMARK [1][-]{section.3.11}{\376\377\000S\000a\000v\000i\000n\000g\000\040\000t\000h\000e\000\040\000D\000a\000t\000a\000F\000r\000a\000m\000e}{chapter.3}% 39
\BOOKMARK [1][-]{section.3.12}{\376\377\000S\000u\000m\000m\000a\000r\000y}{chapter.3}% 40
\BOOKMARK [1][-]{section.3.13}{\376\377\000B\000e\000s\000t\000\040\000p\000r\000a\000c\000t\000i\000c\000e\000s}{chapter.3}% 41
\BOOKMARK [0][-]{chapter.4}{\376\377\000C\000h\000a\000p\000t\000e\000r\000\040\0004}{}% 42
\BOOKMARK [1][-]{section.4.1}{\376\377\000O\000u\000t\000l\000i\000n\000e}{chapter.4}% 43
\BOOKMARK [1][-]{section.4.2}{\376\377\000I\000n\000s\000t\000a\000l\000l\000i\000n\000g\000\040\000l\000i\000b\000r\000a\000r\000i\000e\000s}{chapter.4}% 44
\BOOKMARK [1][-]{section.4.3}{\376\377\000R\000e\000l\000o\000a\000d\000\040\000t\000h\000e\000\040\000d\000a\000t\000a}{chapter.4}% 45
\BOOKMARK [1][-]{section.4.4}{\376\377\000S\000e\000l\000e\000c\000t\000i\000o\000n\000\040\000b\000y\000\040\000p\000r\000o\000p\000e\000r\000\040\000m\000o\000t\000i\000o\000n}{chapter.4}% 46
\BOOKMARK [1][-]{section.4.5}{\376\377\000S\000e\000l\000e\000c\000t\000i\000n\000g\000\040\000t\000h\000e\000\040\000r\000e\000g\000i\000o\000n}{chapter.4}% 47
\BOOKMARK [1][-]{section.4.6}{\376\377\000A\000s\000s\000e\000m\000b\000l\000e\000\040\000t\000h\000e\000\040\000q\000u\000e\000r\000y}{chapter.4}% 48
\BOOKMARK [1][-]{section.4.7}{\376\377\000P\000l\000o\000t\000t\000i\000n\000g\000\040\000o\000n\000e\000\040\000m\000o\000r\000e\000\040\000t\000i\000m\000e}{chapter.4}% 49
\BOOKMARK [1][-]{section.4.8}{\376\377\000S\000a\000v\000i\000n\000g\000\040\000t\000h\000e\000\040\000D\000a\000t\000a\000F\000r\000a\000m\000e}{chapter.4}% 50
\BOOKMARK [1][-]{section.4.9}{\376\377\000C\000S\000V}{chapter.4}% 51
\BOOKMARK [1][-]{section.4.10}{\376\377\000S\000u\000m\000m\000a\000r\000y}{chapter.4}% 52
\BOOKMARK [1][-]{section.4.11}{\376\377\000B\000e\000s\000t\000\040\000p\000r\000a\000c\000t\000i\000c\000e\000s}{chapter.4}% 53
\BOOKMARK [0][-]{chapter.5}{\376\377\000C\000h\000a\000p\000t\000e\000r\000\040\0005}{}% 54
\BOOKMARK [1][-]{section.5.1}{\376\377\000O\000u\000t\000l\000i\000n\000e}{chapter.5}% 55
\BOOKMARK [1][-]{section.5.2}{\376\377\000I\000n\000s\000t\000a\000l\000l\000i\000n\000g\000\040\000l\000i\000b\000r\000a\000r\000i\000e\000s}{chapter.5}% 56
\BOOKMARK [1][-]{section.5.3}{\376\377\000R\000e\000l\000o\000a\000d\000i\000n\000g\000\040\000t\000h\000e\000\040\000d\000a\000t\000a}{chapter.5}% 57
\BOOKMARK [1][-]{section.5.4}{\376\377\000G\000e\000t\000t\000i\000n\000g\000\040\000p\000h\000o\000t\000o\000m\000e\000t\000r\000y\000\040\000d\000a\000t\000a}{chapter.5}% 58
\BOOKMARK [1][-]{section.5.5}{\376\377\000P\000r\000e\000p\000a\000r\000i\000n\000g\000\040\000a\000\040\000t\000a\000b\000l\000e\000\040\000f\000o\000r\000\040\000u\000p\000l\000o\000a\000d\000i\000n\000g}{chapter.5}% 59
\BOOKMARK [1][-]{section.5.6}{\376\377\000U\000p\000l\000o\000a\000d\000i\000n\000g\000\040\000a\000\040\000t\000a\000b\000l\000e}{chapter.5}% 60
\BOOKMARK [1][-]{section.5.7}{\376\377\000J\000o\000i\000n\000i\000n\000g\000\040\000w\000i\000t\000h\000\040\000a\000n\000\040\000u\000p\000l\000o\000a\000d\000e\000d\000\040\000t\000a\000b\000l\000e}{chapter.5}% 61
\BOOKMARK [1][-]{section.5.8}{\376\377\000G\000e\000t\000t\000i\000n\000g\000\040\000t\000h\000e\000\040\000p\000h\000o\000t\000o\000m\000e\000t\000r\000y\000\040\000d\000a\000t\000a}{chapter.5}% 62
\BOOKMARK [1][-]{section.5.9}{\376\377\000W\000r\000i\000t\000e\000\040\000t\000h\000e\000\040\000d\000a\000t\000a}{chapter.5}% 63
\BOOKMARK [1][-]{section.5.10}{\376\377\000S\000u\000m\000m\000a\000r\000y}{chapter.5}% 64
\BOOKMARK [1][-]{section.5.11}{\376\377\000B\000e\000s\000t\000\040\000p\000r\000a\000c\000t\000i\000c\000e}{chapter.5}% 65
\BOOKMARK [0][-]{chapter.6}{\376\377\000C\000h\000a\000p\000t\000e\000r\000\040\0006}{}% 66
\BOOKMARK [1][-]{section.6.1}{\376\377\000O\000u\000t\000l\000i\000n\000e}{chapter.6}% 67
\BOOKMARK [1][-]{section.6.2}{\376\377\000I\000n\000s\000t\000a\000l\000l\000i\000n\000g\000\040\000l\000i\000b\000r\000a\000r\000i\000e\000s}{chapter.6}% 68
\BOOKMARK [1][-]{section.6.3}{\376\377\000R\000e\000l\000o\000a\000d\000\040\000t\000h\000e\000\040\000d\000a\000t\000a}{chapter.6}% 69
\BOOKMARK [1][-]{section.6.4}{\376\377\000P\000l\000o\000t\000t\000i\000n\000g\000\040\000p\000h\000o\000t\000o\000m\000e\000t\000r\000y\000\040\000d\000a\000t\000a}{chapter.6}% 70
\BOOKMARK [1][-]{section.6.5}{\376\377\000D\000r\000a\000w\000i\000n\000g\000\040\000a\000\040\000p\000o\000l\000y\000g\000o\000n}{chapter.6}% 71
\BOOKMARK [1][-]{section.6.6}{\376\377\000W\000h\000i\000c\000h\000\040\000p\000o\000i\000n\000t\000s\000\040\000a\000r\000e\000\040\000i\000n\000\040\000t\000h\000e\000\040\000p\000o\000l\000y\000g\000o\000n\000?}{chapter.6}% 72
\BOOKMARK [1][-]{section.6.7}{\376\377\000R\000e\000l\000o\000a\000d\000i\000n\000g\000\040\000t\000h\000e\000\040\000d\000a\000t\000a}{chapter.6}% 73
\BOOKMARK [1][-]{section.6.8}{\376\377\000M\000e\000r\000g\000i\000n\000g\000\040\000p\000h\000o\000t\000o\000m\000e\000t\000r\000y\000\040\000d\000a\000t\000a}{chapter.6}% 74
\BOOKMARK [1][-]{section.6.9}{\376\377\000M\000i\000s\000s\000i\000n\000g\000\040\000d\000a\000t\000a}{chapter.6}% 75
\BOOKMARK [1][-]{section.6.10}{\376\377\000S\000e\000l\000e\000c\000t\000i\000n\000g\000\040\000b\000a\000s\000e\000d\000\040\000o\000n\000\040\000p\000h\000o\000t\000o\000m\000e\000t\000r\000y}{chapter.6}% 76
\BOOKMARK [1][-]{section.6.11}{\376\377\000W\000r\000i\000t\000e\000\040\000t\000h\000e\000\040\000d\000a\000t\000a}{chapter.6}% 77
\BOOKMARK [1][-]{section.6.12}{\376\377\000S\000a\000v\000e\000\040\000t\000h\000e\000\040\000p\000o\000l\000y\000g\000o\000n}{chapter.6}% 78
\BOOKMARK [1][-]{section.6.13}{\376\377\000S\000u\000m\000m\000a\000r\000y}{chapter.6}% 79
\BOOKMARK [1][-]{section.6.14}{\376\377\000B\000e\000s\000t\000\040\000p\000r\000a\000c\000t\000i\000c\000e\000s}{chapter.6}% 80
\BOOKMARK [0][-]{chapter.7}{\376\377\000C\000h\000a\000p\000t\000e\000r\000\040\0007}{}% 81
\BOOKMARK [1][-]{section.7.1}{\376\377\000O\000u\000t\000l\000i\000n\000e}{chapter.7}% 82
\BOOKMARK [1][-]{section.7.2}{\376\377\000I\000n\000s\000t\000a\000l\000l\000i\000n\000g\000\040\000l\000i\000b\000r\000a\000r\000i\000e\000s}{chapter.7}% 83
\BOOKMARK [1][-]{section.7.3}{\376\377\000M\000a\000k\000i\000n\000g\000\040\000F\000i\000g\000u\000r\000e\000s\000\040\000T\000h\000a\000t\000\040\000T\000e\000l\000l\000\040\000a\000\040\000S\000t\000o\000r\000y}{chapter.7}% 84
\BOOKMARK [1][-]{section.7.4}{\376\377\000P\000l\000o\000t\000t\000i\000n\000g\000\040\000G\000D\000-\0001}{chapter.7}% 85
\BOOKMARK [1][-]{section.7.5}{\376\377\000A\000n\000n\000o\000t\000a\000t\000i\000o\000n\000s}{chapter.7}% 86
\BOOKMARK [1][-]{section.7.6}{\376\377\000C\000u\000s\000t\000o\000m\000i\000z\000a\000t\000i\000o\000n}{chapter.7}% 87
\BOOKMARK [1][-]{section.7.7}{\376\377\000r\000c\000P\000a\000r\000a\000m\000s}{chapter.7}% 88
\BOOKMARK [1][-]{section.7.8}{\376\377\000S\000t\000y\000l\000e\000\040\000s\000h\000e\000e\000t\000s}{chapter.7}% 89
\BOOKMARK [1][-]{section.7.9}{\376\377\000L\000a\000T\000e\000X\000\040\000f\000o\000n\000t\000s}{chapter.7}% 90
\BOOKMARK [1][-]{section.7.10}{\376\377\000M\000u\000l\000t\000i\000p\000l\000e\000\040\000p\000a\000n\000e\000l\000s}{chapter.7}% 91
\BOOKMARK [1][-]{section.7.11}{\376\377\000U\000p\000p\000e\000r\000\040\000r\000i\000g\000h\000t}{chapter.7}% 92
\BOOKMARK [1][-]{section.7.12}{\376\377\000U\000p\000p\000e\000r\000\040\000l\000e\000f\000t}{chapter.7}% 93
\BOOKMARK [1][-]{section.7.13}{\376\377\000L\000o\000w\000e\000r\000\040\000r\000i\000g\000h\000t}{chapter.7}% 94
\BOOKMARK [1][-]{section.7.14}{\376\377\000S\000u\000b\000p\000l\000o\000t\000s}{chapter.7}% 95
\BOOKMARK [1][-]{section.7.15}{\376\377\000A\000d\000j\000u\000s\000t\000i\000n\000g\000\040\000p\000r\000o\000p\000o\000r\000t\000i\000o\000n\000s}{chapter.7}% 96
\BOOKMARK [1][-]{section.7.16}{\376\377\000S\000u\000m\000m\000a\000r\000y}{chapter.7}% 97
\BOOKMARK [1][-]{section.7.17}{\376\377\000B\000e\000s\000t\000\040\000p\000r\000a\000c\000t\000i\000c\000e\000s}{chapter.7}% 98
